0 info it worked if it ends with ok
1 verbose cli [ 'C:\\Program Files\\nodejs\\node.exe',
1 verbose cli   'C:\\Users\\Marsoln\\AppData\\Roaming\\npm\\node_modules\\npm\\bin\\npm-cli.js',
1 verbose cli   'home',
1 verbose cli   'alpha-dust' ]
2 info using npm@2.15.0
3 info using node@v6.4.0
4 silly mapToRegistry name alpha-dust
5 silly mapToRegistry using default registry
6 silly mapToRegistry registry https://registry.npm.taobao.org/
7 silly mapToRegistry uri https://registry.npm.taobao.org/alpha-dust
8 verbose request uri https://registry.npm.taobao.org/alpha-dust/latest
9 verbose request no auth needed
10 info attempt registry request try #1 at 10:06:30
11 verbose request id f9162a3efb491c74
12 http request GET https://registry.npm.taobao.org/alpha-dust/latest
13 http 404 https://registry.npm.taobao.org/alpha-dust/latest
14 verbose headers { server: 'CouchDB/1.6.1 (Erlang OTP/R16B03)',
14 verbose headers   'content-type': 'application/json',
14 verbose headers   'cache-control': 'max-age=0',
14 verbose headers   'content-length': '51',
14 verbose headers   'accept-ranges': 'bytes',
14 verbose headers   date: 'Thu, 29 Sep 2016 02:06:24 GMT',
14 verbose headers   via: '1.1 varnish',
14 verbose headers   age: '0',
14 verbose headers   connection: 'keep-alive',
14 verbose headers   'x-served-by': 'cache-lcy1130-LCY',
14 verbose headers   'x-cache': 'MISS',
14 verbose headers   'x-cache-hits': '0',
14 verbose headers   'x-timer': 'S1475114783.766949,VS0,VE690' }
15 silly get cb [ 404,
15 silly get   { server: 'CouchDB/1.6.1 (Erlang OTP/R16B03)',
15 silly get     'content-type': 'application/json',
15 silly get     'cache-control': 'max-age=0',
15 silly get     'content-length': '51',
15 silly get     'accept-ranges': 'bytes',
15 silly get     date: 'Thu, 29 Sep 2016 02:06:24 GMT',
15 silly get     via: '1.1 varnish',
15 silly get     age: '0',
15 silly get     connection: 'keep-alive',
15 silly get     'x-served-by': 'cache-lcy1130-LCY',
15 silly get     'x-cache': 'MISS',
15 silly get     'x-cache-hits': '0',
15 silly get     'x-timer': 'S1475114783.766949,VS0,VE690' } ]
16 verbose stack Error: 404 Not Found: alpha-dust
16 verbose stack     at makeError (C:\Users\Marsoln\AppData\Roaming\npm\node_modules\npm\node_modules\npm-registry-client\lib\request.js:264:12)
16 verbose stack     at CachingRegistryClient.<anonymous> (C:\Users\Marsoln\AppData\Roaming\npm\node_modules\npm\node_modules\npm-registry-client\lib\request.js:250:14)
16 verbose stack     at Request._callback (C:\Users\Marsoln\AppData\Roaming\npm\node_modules\npm\node_modules\npm-registry-client\lib\request.js:172:14)
16 verbose stack     at Request.self.callback (C:\Users\Marsoln\AppData\Roaming\npm\node_modules\npm\node_modules\request\request.js:199:22)
16 verbose stack     at emitTwo (events.js:106:13)
16 verbose stack     at Request.emit (events.js:191:7)
16 verbose stack     at Request.<anonymous> (C:\Users\Marsoln\AppData\Roaming\npm\node_modules\npm\node_modules\request\request.js:1036:10)
16 verbose stack     at emitOne (events.js:101:20)
16 verbose stack     at Request.emit (events.js:188:7)
16 verbose stack     at IncomingMessage.<anonymous> (C:\Users\Marsoln\AppData\Roaming\npm\node_modules\npm\node_modules\request\request.js:963:12)
17 verbose statusCode 404
18 verbose pkgid alpha-dust
19 verbose cwd c:\GithubRepo\blog
20 error Windows_NT 10.0.10586
21 error argv "C:\\Program Files\\nodejs\\node.exe" "C:\\Users\\Marsoln\\AppData\\Roaming\\npm\\node_modules\\npm\\bin\\npm-cli.js" "home" "alpha-dust"
22 error node v6.4.0
23 error npm  v2.15.0
24 error code E404
25 error 404 Not Found: alpha-dust
25 error 404
25 error 404 'alpha-dust' is not in the npm registry.
25 error 404 You should bug the author to publish it (or use the name yourself!)
25 error 404
25 error 404 Note that you can also install from a
25 error 404 tarball, folder, http url, or git url.
26 verbose exit [ 1, true ]
